[0m16:18:15.599691 [debug] [MainThread]: Sending event: {'category': 'dbt', 'action': 'invocation', 'label': 'start', 'context': [<snowplow_tracker.self_describing_json.SelfDescribingJson object at 0x7f4184b63730>, <snowplow_tracker.self_describing_json.SelfDescribingJson object at 0x7f4182e88550>, <snowplow_tracker.self_describing_json.SelfDescribingJson object at 0x7f4182e885b0>]}


============================== 16:18:15.604135 | 3d2f07dd-d5af-4950-a103-5ca25238e90e ==============================
[0m16:18:15.604135 [info ] [MainThread]: Running with dbt=1.7.7
[0m16:18:15.605700 [debug] [MainThread]: running dbt with arguments {'printer_width': '80', 'indirect_selection': 'eager', 'write_json': 'True', 'log_cache_events': 'False', 'partial_parse': 'True', 'cache_selected_only': 'False', 'warn_error': 'None', 'debug': 'False', 'version_check': 'True', 'log_path': 'logs', 'profiles_dir': '/root/.dbt', 'fail_fast': 'False', 'use_colors': 'True', 'use_experimental_parser': 'False', 'no_print': 'None', 'quiet': 'False', 'log_format': 'default', 'static_parser': 'True', 'invocation_command': 'dbt debug', 'introspect': 'True', 'target_path': 'None', 'warn_error_options': 'WarnErrorOptions(include=[], exclude=[])', 'send_anonymous_usage_stats': 'True'}
[0m16:18:15.614915 [info ] [MainThread]: dbt version: 1.7.7
[0m16:18:15.617249 [info ] [MainThread]: python version: 3.10.7
[0m16:18:15.619114 [info ] [MainThread]: python path: /usr/local/bin/python
[0m16:18:15.620537 [info ] [MainThread]: os info: Linux-5.15.167.4-microsoft-standard-WSL2-x86_64-with-glibc2.31
[0m16:18:15.621915 [info ] [MainThread]: Using profiles dir at /root/.dbt
[0m16:18:15.623411 [info ] [MainThread]: Using profiles.yml file at /root/.dbt/profiles.yml
[0m16:18:15.624796 [info ] [MainThread]: Using dbt_project.yml file at /usr/app/dbt_project.yml
[0m16:18:15.626323 [info ] [MainThread]: Configuration:
[0m16:18:15.627732 [info ] [MainThread]:   profiles.yml file [[31mERROR not found[0m]
[0m16:18:15.629306 [info ] [MainThread]:   dbt_project.yml file [[31mERROR not found[0m]
[0m16:18:15.631009 [info ] [MainThread]: Required dependencies:
[0m16:18:15.634430 [debug] [MainThread]: Executing "git --help"
[0m16:18:15.637560 [debug] [MainThread]: STDOUT: "b"usage: git [--version] [--help] [-C <path>] [-c <name>=<value>]\n           [--exec-path[=<path>]] [--html-path] [--man-path] [--info-path]\n           [-p | --paginate | -P | --no-pager] [--no-replace-objects] [--bare]\n           [--git-dir=<path>] [--work-tree=<path>] [--namespace=<name>]\n           <command> [<args>]\n\nThese are common Git commands used in various situations:\n\nstart a working area (see also: git help tutorial)\n   clone             Clone a repository into a new directory\n   init              Create an empty Git repository or reinitialize an existing one\n\nwork on the current change (see also: git help everyday)\n   add               Add file contents to the index\n   mv                Move or rename a file, a directory, or a symlink\n   restore           Restore working tree files\n   rm                Remove files from the working tree and from the index\n   sparse-checkout   Initialize and modify the sparse-checkout\n\nexamine the history and state (see also: git help revisions)\n   bisect            Use binary search to find the commit that introduced a bug\n   diff              Show changes between commits, commit and working tree, etc\n   grep              Print lines matching a pattern\n   log               Show commit logs\n   show              Show various types of objects\n   status            Show the working tree status\n\ngrow, mark and tweak your common history\n   branch            List, create, or delete branches\n   commit            Record changes to the repository\n   merge             Join two or more development histories together\n   rebase            Reapply commits on top of another base tip\n   reset             Reset current HEAD to the specified state\n   switch            Switch branches\n   tag               Create, list, delete or verify a tag object signed with GPG\n\ncollaborate (see also: git help workflows)\n   fetch             Download objects and refs from another repository\n   pull              Fetch from and integrate with another repository or a local branch\n   push              Update remote refs along with associated objects\n\n'git help -a' and 'git help -g' list available subcommands and some\nconcept guides. See 'git help <command>' or 'git help <concept>'\nto read about a specific subcommand or concept.\nSee 'git help git' for an overview of the system.\n""
[0m16:18:15.638992 [debug] [MainThread]: STDERR: "b''"
[0m16:18:15.640193 [info ] [MainThread]:  - git [[32mOK found[0m]

[0m16:18:15.641322 [info ] [MainThread]: Connection test skipped since no profile was found
[0m16:18:15.642289 [info ] [MainThread]: [31m2 checks failed:[0m
[0m16:18:15.643804 [info ] [MainThread]: dbt looked for a profiles.yml file in /root/.dbt/profiles.yml, but did
not find one. For more information on configuring your profile, consult the
documentation:

https://docs.getdbt.com/docs/configure-your-profile


[0m16:18:15.645500 [info ] [MainThread]: Project loading failed for the following reason:
 project path </usr/app/dbt_project.yml> not found

[0m16:18:15.648181 [debug] [MainThread]: Sending event: {'category': 'dbt', 'action': 'invocation', 'label': 'end', 'context': [<snowplow_tracker.self_describing_json.SelfDescribingJson object at 0x7f4184b63730>, <snowplow_tracker.self_describing_json.SelfDescribingJson object at 0x7f4182dbe200>, <snowplow_tracker.self_describing_json.SelfDescribingJson object at 0x7f4182dbe2f0>]}
[0m16:18:15.650488 [debug] [MainThread]: Flushing usage events
[0m16:20:21.896522 [debug] [MainThread]: Sending event: {'category': 'dbt', 'action': 'invocation', 'label': 'start', 'context': [<snowplow_tracker.self_describing_json.SelfDescribingJson object at 0x7f2fca65ec50>, <snowplow_tracker.self_describing_json.SelfDescribingJson object at 0x7f2fc88804f0>, <snowplow_tracker.self_describing_json.SelfDescribingJson object at 0x7f2fc8880490>]}


============================== 16:20:21.899998 | 4630a60e-f5eb-4b63-bc5c-e9fd3b0a84d0 ==============================
[0m16:20:21.899998 [info ] [MainThread]: Running with dbt=1.7.7
[0m16:20:21.902503 [debug] [MainThread]: running dbt with arguments {'printer_width': '80', 'indirect_selection': 'eager', 'write_json': 'True', 'log_cache_events': 'False', 'partial_parse': 'True', 'cache_selected_only': 'False', 'warn_error': 'None', 'debug': 'False', 'version_check': 'True', 'log_path': 'logs', 'fail_fast': 'False', 'profiles_dir': '/root/.dbt', 'use_colors': 'True', 'use_experimental_parser': 'False', 'no_print': 'None', 'quiet': 'False', 'warn_error_options': 'WarnErrorOptions(include=[], exclude=[])', 'introspect': 'True', 'invocation_command': 'dbt debug', 'log_format': 'default', 'target_path': 'None', 'static_parser': 'True', 'send_anonymous_usage_stats': 'True'}
[0m16:20:21.906406 [info ] [MainThread]: dbt version: 1.7.7
[0m16:20:21.909289 [info ] [MainThread]: python version: 3.10.7
[0m16:20:21.911245 [info ] [MainThread]: python path: /usr/local/bin/python
[0m16:20:21.912683 [info ] [MainThread]: os info: Linux-5.15.167.4-microsoft-standard-WSL2-x86_64-with-glibc2.31
[0m16:20:21.914166 [info ] [MainThread]: Using profiles dir at /root/.dbt
[0m16:20:21.915417 [info ] [MainThread]: Using profiles.yml file at /root/.dbt/profiles.yml
[0m16:20:21.916694 [info ] [MainThread]: Using dbt_project.yml file at /usr/app/dbt_project.yml
[0m16:20:21.918214 [info ] [MainThread]: Configuration:
[0m16:20:21.921260 [info ] [MainThread]:   profiles.yml file [[31mERROR not found[0m]
[0m16:20:21.923795 [info ] [MainThread]:   dbt_project.yml file [[31mERROR not found[0m]
[0m16:20:21.925153 [info ] [MainThread]: Required dependencies:
[0m16:20:21.926763 [debug] [MainThread]: Executing "git --help"
[0m16:20:21.928618 [debug] [MainThread]: STDOUT: "b"usage: git [--version] [--help] [-C <path>] [-c <name>=<value>]\n           [--exec-path[=<path>]] [--html-path] [--man-path] [--info-path]\n           [-p | --paginate | -P | --no-pager] [--no-replace-objects] [--bare]\n           [--git-dir=<path>] [--work-tree=<path>] [--namespace=<name>]\n           <command> [<args>]\n\nThese are common Git commands used in various situations:\n\nstart a working area (see also: git help tutorial)\n   clone             Clone a repository into a new directory\n   init              Create an empty Git repository or reinitialize an existing one\n\nwork on the current change (see also: git help everyday)\n   add               Add file contents to the index\n   mv                Move or rename a file, a directory, or a symlink\n   restore           Restore working tree files\n   rm                Remove files from the working tree and from the index\n   sparse-checkout   Initialize and modify the sparse-checkout\n\nexamine the history and state (see also: git help revisions)\n   bisect            Use binary search to find the commit that introduced a bug\n   diff              Show changes between commits, commit and working tree, etc\n   grep              Print lines matching a pattern\n   log               Show commit logs\n   show              Show various types of objects\n   status            Show the working tree status\n\ngrow, mark and tweak your common history\n   branch            List, create, or delete branches\n   commit            Record changes to the repository\n   merge             Join two or more development histories together\n   rebase            Reapply commits on top of another base tip\n   reset             Reset current HEAD to the specified state\n   switch            Switch branches\n   tag               Create, list, delete or verify a tag object signed with GPG\n\ncollaborate (see also: git help workflows)\n   fetch             Download objects and refs from another repository\n   pull              Fetch from and integrate with another repository or a local branch\n   push              Update remote refs along with associated objects\n\n'git help -a' and 'git help -g' list available subcommands and some\nconcept guides. See 'git help <command>' or 'git help <concept>'\nto read about a specific subcommand or concept.\nSee 'git help git' for an overview of the system.\n""
[0m16:20:21.929640 [debug] [MainThread]: STDERR: "b''"
[0m16:20:21.930546 [info ] [MainThread]:  - git [[32mOK found[0m]

[0m16:20:21.931862 [info ] [MainThread]: Connection test skipped since no profile was found
[0m16:20:21.933418 [info ] [MainThread]: [31m2 checks failed:[0m
[0m16:20:21.935190 [info ] [MainThread]: dbt looked for a profiles.yml file in /root/.dbt/profiles.yml, but did
not find one. For more information on configuring your profile, consult the
documentation:

https://docs.getdbt.com/docs/configure-your-profile


[0m16:20:21.938103 [info ] [MainThread]: Project loading failed for the following reason:
 project path </usr/app/dbt_project.yml> not found

[0m16:20:21.940049 [debug] [MainThread]: Sending event: {'category': 'dbt', 'action': 'invocation', 'label': 'end', 'context': [<snowplow_tracker.self_describing_json.SelfDescribingJson object at 0x7f2fca65ec50>, <snowplow_tracker.self_describing_json.SelfDescribingJson object at 0x7f2fc8880880>, <snowplow_tracker.self_describing_json.SelfDescribingJson object at 0x7f2fc88803d0>]}
[0m16:20:21.941537 [debug] [MainThread]: Flushing usage events
